# JRE version: Java(TM) SE Runtime Environment (8.0_20-b26) (build 1.8.0_20-b26)
# Java VM: Java HotSpot(TM) 64-Bit Server VM (25.20-b23 mixed mode linux-amd64 compressed oops)
Heap:
 PSYoungGen      total 411136K, used 105040K [0x000000076cf00000, 0x000000078dc80000, 0x00000007c0000000)
  eden space 404480K, 25% used [0x000000076cf00000,0x0000000773594028,0x0000000785a00000)
  from space 6656K, 0% used [0x000000078d600000,0x000000078d600000,0x000000078dc80000)
  to   space 22528K, 0% used [0x000000078b080000,0x000000078b080000,0x000000078c680000)
 ParOldGen       total 182272K, used 26276K [0x00000006c6c00000, 0x00000006d1e00000, 0x000000076cf00000)
  object space 182272K, 14% used [0x00000006c6c00000,0x00000006c85a9038,0x00000006d1e00000)
 Metaspace       used 38651K, capacity 42654K, committed 42840K, reserved 1087488K
  class space    used 4275K, capacity 5429K, committed 5504K, reserved 1048576K
GC Heap History (10 events):
Event: 12.498 GC heap before
{Heap before GC invocations=6 (full 0):
 PSYoungGen      total 139264K, used 139254K [0x000000076cf00000, 0x000000077ef00000, 0x00000007c0000000)
  eden space 129024K, 100% used [0x000000076cf00000,0x0000000774d00000,0x0000000774d00000)
  from space 10240K, 99% used [0x0000000774d00000,0x00000007756fd9d8,0x0000000775700000)
  to   space 18432K, 0% used [0x000000077dd00000,0x000000077dd00000,0x000000077ef00000)
 ParOldGen       total 171008K, used 9081K [0x00000006c6c00000, 0x00000006d1300000, 0x000000076cf00000)
  object space 171008K, 5% used [0x00000006c6c00000,0x00000006c74de568,0x00000006d1300000)
 Metaspace       used 17778K, capacity 18590K, committed 18688K, reserved 1067008K
  class space    used 1815K, capacity 2037K, committed 2048K, reserved 1048576K
Event: 12.527 GC heap after
Heap after GC invocations=6 (full 0):
 PSYoungGen      total 272896K, used 18403K [0x000000076cf00000, 0x000000077f600000, 0x00000007c0000000)
  eden space 254464K, 0% used [0x000000076cf00000,0x000000076cf00000,0x000000077c780000)
  from space 18432K, 99% used [0x000000077dd00000,0x000000077eef8ec8,0x000000077ef00000)
  to   space 22016K, 0% used [0x000000077c780000,0x000000077c780000,0x000000077dd00000)
 ParOldGen       total 171008K, used 10729K [0x00000006c6c00000, 0x00000006d1300000, 0x000000076cf00000)
  object space 171008K, 6% used [0x00000006c6c00000,0x00000006c767a568,0x00000006d1300000)
 Metaspace       used 17778K, capacity 18590K, committed 18688K, reserved 1067008K
  class space    used 1815K, capacity 2037K, committed 2048K, reserved 1048576K
}
Event: 13.346 GC heap before
{Heap before GC invocations=7 (full 0):
 PSYoungGen      total 272896K, used 170464K [0x000000076cf00000, 0x000000077f600000, 0x00000007c0000000)
  eden space 254464K, 59% used [0x000000076cf00000,0x000000077637f398,0x000000077c780000)
  from space 18432K, 99% used [0x000000077dd00000,0x000000077eef8ec8,0x000000077ef00000)
  to   space 22016K, 0% used [0x000000077c780000,0x000000077c780000,0x000000077dd00000)
 ParOldGen       total 171008K, used 10729K [0x00000006c6c00000, 0x00000006d1300000, 0x000000076cf00000)
  object space 171008K, 6% used [0x00000006c6c00000,0x00000006c767a568,0x00000006d1300000)
 Metaspace       used 19811K, capacity 21050K, committed 21248K, reserved 1069056K
  class space    used 2036K, capacity 2433K, committed 2560K, reserved 1048576K
Event: 13.383 GC heap after
Heap after GC invocations=7 (full 0):
 PSYoungGen      total 276480K, used 15172K [0x000000076cf00000, 0x000000078ec00000, 0x00000007c0000000)
  eden space 254464K, 0% used [0x000000076cf00000,0x000000076cf00000,0x000000077c780000)
  from space 22016K, 68% used [0x000000077c780000,0x000000077d651050,0x000000077dd00000)
  to   space 22528K, 0% used [0x000000078d600000,0x000000078d600000,0x000000078ec00000)
 ParOldGen       total 171008K, used 15676K [0x00000006c6c00000, 0x00000006d1300000, 0x000000076cf00000)
  object space 171008K, 9% used [0x00000006c6c00000,0x00000006c7b4f3b0,0x00000006d1300000)
 Metaspace       used 19811K, capacity 21050K, committed 21248K, reserved 1069056K
  class space    used 2036K, capacity 2433K, committed 2560K, reserved 1048576K
}
Event: 13.383 GC heap before
{Heap before GC invocations=8 (full 1):
 PSYoungGen      total 276480K, used 15172K [0x000000076cf00000, 0x000000078ec00000, 0x00000007c0000000)
  eden space 254464K, 0% used [0x000000076cf00000,0x000000076cf00000,0x000000077c780000)
  from space 22016K, 68% used [0x000000077c780000,0x000000077d651050,0x000000077dd00000)
  to   space 22528K, 0% used [0x000000078d600000,0x000000078d600000,0x000000078ec00000)
 ParOldGen       total 171008K, used 15676K [0x00000006c6c00000, 0x00000006d1300000, 0x000000076cf00000)
  object space 171008K, 9% used [0x00000006c6c00000,0x00000006c7b4f3b0,0x00000006d1300000)
 Metaspace       used 19811K, capacity 21050K, committed 21248K, reserved 1069056K
  class space    used 2036K, capacity 2433K, committed 2560K, reserved 1048576K
Event: 13.585 GC heap after
Heap after GC invocations=8 (full 1):
 PSYoungGen      total 276480K, used 0K [0x000000076cf00000, 0x000000078ec00000, 0x00000007c0000000)
  eden space 254464K, 0% used [0x000000076cf00000,0x000000076cf00000,0x000000077c780000)
  from space 22016K, 0% used [0x000000077c780000,0x000000077c780000,0x000000077dd00000)
  to   space 22528K, 0% used [0x000000078d600000,0x000000078d600000,0x000000078ec00000)
 ParOldGen       total 116736K, used 22485K [0x00000006c6c00000, 0x00000006cde00000, 0x000000076cf00000)
  object space 116736K, 19% used [0x00000006c6c00000,0x00000006c81f56c8,0x00000006cde00000)
 Metaspace       used 19810K, capacity 21048K, committed 21248K, reserved 1069056K
  class space    used 2036K, capacity 2432K, committed 2560K, reserved 1048576K
}
Event: 15.751 GC heap before
{Heap before GC invocations=9 (full 1):
 PSYoungGen      total 276480K, used 96045K [0x000000076cf00000, 0x000000078ec00000, 0x00000007c0000000)
  eden space 254464K, 37% used [0x000000076cf00000,0x0000000772ccb590,0x000000077c780000)
  from space 22016K, 0% used [0x000000077c780000,0x000000077c780000,0x000000077dd00000)
  to   space 22528K, 0% used [0x000000078d600000,0x000000078d600000,0x000000078ec00000)
 ParOldGen       total 116736K, used 22485K [0x00000006c6c00000, 0x00000006cde00000, 0x000000076cf00000)
  object space 116736K, 19% used [0x00000006c6c00000,0x00000006c81f56c8,0x00000006cde00000)
 Metaspace       used 32091K, capacity 35258K, committed 35416K, reserved 1081344K
  class space    used 3537K, capacity 4368K, committed 4480K, reserved 1048576K
Event: 15.767 GC heap after
Heap after GC invocations=9 (full 1):
 PSYoungGen      total 411136K, used 6464K [0x000000076cf00000, 0x000000078dc80000, 0x00000007c0000000)
  eden space 404480K, 0% used [0x000000076cf00000,0x000000076cf00000,0x0000000785a00000)
  from space 6656K, 97% used [0x000000078d600000,0x000000078dc50240,0x000000078dc80000)
  to   space 22528K, 0% used [0x000000078b080000,0x000000078b080000,0x000000078c680000)
 ParOldGen       total 116736K, used 22493K [0x00000006c6c00000, 0x00000006cde00000, 0x000000076cf00000)
  object space 116736K, 19% used [0x00000006c6c00000,0x00000006c81f76c8,0x00000006cde00000)
 Metaspace       used 32091K, capacity 35258K, committed 35416K, reserved 1081344K
  class space    used 3537K, capacity 4368K, committed 4480K, reserved 1048576K
}
Event: 15.767 GC heap before
{Heap before GC invocations=10 (full 2):
 PSYoungGen      total 411136K, used 6464K [0x000000076cf00000, 0x000000078dc80000, 0x00000007c0000000)
  eden space 404480K, 0% used [0x000000076cf00000,0x000000076cf00000,0x0000000785a00000)
  from space 6656K, 97% used [0x000000078d600000,0x000000078dc50240,0x000000078dc80000)
  to   space 22528K, 0% used [0x000000078b080000,0x000000078b080000,0x000000078c680000)
 ParOldGen       total 116736K, used 22493K [0x00000006c6c00000, 0x00000006cde00000, 0x000000076cf00000)
  object space 116736K, 19% used [0x00000006c6c00000,0x00000006c81f76c8,0x00000006cde00000)
 Metaspace       used 32091K, capacity 35258K, committed 35416K, reserved 1081344K
  class space    used 3537K, capacity 4368K, committed 4480K, reserved 1048576K
Event: 15.977 GC heap after
Heap after GC invocations=10 (full 2):
 PSYoungGen      total 411136K, used 0K [0x000000076cf00000, 0x000000078dc80000, 0x00000007c0000000)
  eden space 404480K, 0% used [0x000000076cf00000,0x000000076cf00000,0x0000000785a00000)
  from space 6656K, 0% used [0x000000078d600000,0x000000078d600000,0x000000078dc80000)
  to   space 22528K, 0% used [0x000000078b080000,0x000000078b080000,0x000000078c680000)
 ParOldGen       total 182272K, used 26276K [0x00000006c6c00000, 0x00000006d1e00000, 0x000000076cf00000)
  object space 182272K, 14% used [0x00000006c6c00000,0x00000006c85a9038,0x00000006d1e00000)
 Metaspace       used 32091K, capacity 35258K, committed 35416K, reserved 1081344K
  class space    used 3537K, capacity 4368K, committed 4480K, reserved 1048576K
}

