# JRE version: Java(TM) SE Runtime Environment (8.0_20-b26) (build 1.8.0_20-b26)
# Java VM: Java HotSpot(TM) 64-Bit Server VM (25.20-b23 mixed mode linux-amd64 compressed oops)
Heap:
 PSYoungGen      total 793088K, used 20611K [0x000000076cf00000, 0x00000007ae700000, 0x00000007c0000000)
  eden space 633856K, 3% used [0x000000076cf00000,0x000000076e320f68,0x0000000793a00000)
  from space 159232K, 0% used [0x00000007a4b80000,0x00000007a4b80000,0x00000007ae700000)
  to   space 219648K, 0% used [0x0000000793a00000,0x0000000793a00000,0x00000007a1080000)
 ParOldGen       total 604672K, used 77300K [0x00000006c6c00000, 0x00000006eba80000, 0x000000076cf00000)
  object space 604672K, 12% used [0x00000006c6c00000,0x00000006cb77d350,0x00000006eba80000)
 Metaspace       used 75904K, capacity 84862K, committed 87464K, reserved 1124352K
  class space    used 9563K, capacity 12263K, committed 12720K, reserved 1048576K
GC Heap History (10 events):
Event: 152.121 GC heap before
{Heap before GC invocations=19 (full 4):
 PSYoungGen      total 729600K, used 692636K [0x000000076cf00000, 0x00000007a1100000, 0x00000007c0000000)
  eden space 620544K, 100% used [0x000000076cf00000,0x0000000792d00000,0x0000000792d00000)
  from space 109056K, 66% used [0x0000000799d00000,0x000000079e3670d8,0x00000007a0780000)
  to   space 114688K, 0% used [0x0000000792d00000,0x0000000792d00000,0x0000000799d00000)
 ParOldGen       total 577536K, used 217910K [0x00000006c6c00000, 0x00000006ea000000, 0x000000076cf00000)
  object space 577536K, 37% used [0x00000006c6c00000,0x00000006d40cdb38,0x00000006ea000000)
 Metaspace       used 76449K, capacity 85690K, committed 86056K, reserved 1122304K
  class space    used 9660K, capacity 12507K, committed 12592K, reserved 1048576K
Event: 152.186 GC heap after
Heap after GC invocations=19 (full 4):
 PSYoungGen      total 735232K, used 78236K [0x000000076cf00000, 0x00000007a5980000, 0x00000007c0000000)
  eden space 620544K, 0% used [0x000000076cf00000,0x000000076cf00000,0x0000000792d00000)
  from space 114688K, 68% used [0x0000000792d00000,0x0000000797967158,0x0000000799d00000)
  to   space 121344K, 0% used [0x000000079e300000,0x000000079e300000,0x00000007a5980000)
 ParOldGen       total 577536K, used 217918K [0x00000006c6c00000, 0x00000006ea000000, 0x000000076cf00000)
  object space 577536K, 37% used [0x00000006c6c00000,0x00000006d40cfb38,0x00000006ea000000)
 Metaspace       used 76449K, capacity 85690K, committed 86056K, reserved 1122304K
  class space    used 9660K, capacity 12507K, committed 12592K, reserved 1048576K
}
Event: 163.953 GC heap before
{Heap before GC invocations=20 (full 4):
 PSYoungGen      total 735232K, used 698780K [0x000000076cf00000, 0x00000007a5980000, 0x00000007c0000000)
  eden space 620544K, 100% used [0x000000076cf00000,0x0000000792d00000,0x0000000792d00000)
  from space 114688K, 68% used [0x0000000792d00000,0x0000000797967158,0x0000000799d00000)
  to   space 121344K, 0% used [0x000000079e300000,0x000000079e300000,0x00000007a5980000)
 ParOldGen       total 577536K, used 217918K [0x00000006c6c00000, 0x00000006ea000000, 0x000000076cf00000)
  object space 577536K, 37% used [0x00000006c6c00000,0x00000006d40cfb38,0x00000006ea000000)
 Metaspace       used 76645K, capacity 85952K, committed 86312K, reserved 1122304K
  class space    used 9662K, capacity 12508K, committed 12592K, reserved 1048576K
Event: 164.043 GC heap after
Heap after GC invocations=20 (full 4):
 PSYoungGen      total 777728K, used 121323K [0x000000076cf00000, 0x00000007a9180000, 0x00000007c0000000)
  eden space 656384K, 0% used [0x000000076cf00000,0x000000076cf00000,0x0000000795000000)
  from space 121344K, 99% used [0x000000079e300000,0x00000007a597ae88,0x00000007a5980000)
  to   space 150528K, 0% used [0x0000000795000000,0x0000000795000000,0x000000079e300000)
 ParOldGen       total 577536K, used 241862K [0x00000006c6c00000, 0x00000006ea000000, 0x000000076cf00000)
  object space 577536K, 41% used [0x00000006c6c00000,0x00000006d5831890,0x00000006ea000000)
 Metaspace       used 76645K, capacity 85952K, committed 86312K, reserved 1122304K
  class space    used 9662K, capacity 12508K, committed 12592K, reserved 1048576K
}
Event: 1161.260 GC heap before
{Heap before GC invocations=21 (full 4):
 PSYoungGen      total 777728K, used 777707K [0x000000076cf00000, 0x00000007a9180000, 0x00000007c0000000)
  eden space 656384K, 100% used [0x000000076cf00000,0x0000000795000000,0x0000000795000000)
  from space 121344K, 99% used [0x000000079e300000,0x00000007a597ae88,0x00000007a5980000)
  to   space 150528K, 0% used [0x0000000795000000,0x0000000795000000,0x000000079e300000)
 ParOldGen       total 577536K, used 241862K [0x00000006c6c00000, 0x00000006ea000000, 0x000000076cf00000)
  object space 577536K, 41% used [0x00000006c6c00000,0x00000006d5831890,0x00000006ea000000)
 Metaspace       used 77644K, capacity 87326K, committed 87464K, reserved 1124352K
  class space    used 9776K, capacity 12666K, committed 12720K, reserved 1048576K
Event: 1161.471 GC heap after
Heap after GC invocations=21 (full 4):
 PSYoungGen      total 806912K, used 150516K [0x000000076cf00000, 0x00000007b2400000, 0x00000007c0000000)
  eden space 656384K, 0% used [0x000000076cf00000,0x000000076cf00000,0x0000000795000000)
  from space 150528K, 99% used [0x0000000795000000,0x000000079e2fd238,0x000000079e300000)
  to   space 221696K, 0% used [0x00000007a4b80000,0x00000007a4b80000,0x00000007b2400000)
 ParOldGen       total 577536K, used 364211K [0x00000006c6c00000, 0x00000006ea000000, 0x000000076cf00000)
  object space 577536K, 63% used [0x00000006c6c00000,0x00000006dcfaccd0,0x00000006ea000000)
 Metaspace       used 77644K, capacity 87326K, committed 87464K, reserved 1124352K
  class space    used 9776K, capacity 12666K, committed 12720K, reserved 1048576K
}
Event: 5069.974 GC heap before
{Heap before GC invocations=22 (full 4):
 PSYoungGen      total 806912K, used 806900K [0x000000076cf00000, 0x00000007b2400000, 0x00000007c0000000)
  eden space 656384K, 100% used [0x000000076cf00000,0x0000000795000000,0x0000000795000000)
  from space 150528K, 99% used [0x0000000795000000,0x000000079e2fd238,0x000000079e300000)
  to   space 221696K, 0% used [0x00000007a4b80000,0x00000007a4b80000,0x00000007b2400000)
 ParOldGen       total 577536K, used 364211K [0x00000006c6c00000, 0x00000006ea000000, 0x000000076cf00000)
  object space 577536K, 63% used [0x00000006c6c00000,0x00000006dcfaccd0,0x00000006ea000000)
 Metaspace       used 77666K, capacity 87326K, committed 87464K, reserved 1124352K
  class space    used 9776K, capacity 12666K, committed 12720K, reserved 1048576K
Event: 5070.126 GC heap after
Heap after GC invocations=22 (full 4):
 PSYoungGen      total 793088K, used 2784K [0x000000076cf00000, 0x00000007ae700000, 0x00000007c0000000)
  eden space 633856K, 0% used [0x000000076cf00000,0x000000076cf00000,0x0000000793a00000)
  from space 159232K, 1% used [0x00000007a4b80000,0x00000007a4e38020,0x00000007ae700000)
  to   space 219648K, 0% used [0x0000000793a00000,0x0000000793a00000,0x00000007a1080000)
 ParOldGen       total 577536K, used 513261K [0x00000006c6c00000, 0x00000006ea000000, 0x000000076cf00000)
  object space 577536K, 88% used [0x00000006c6c00000,0x00000006e613b638,0x00000006ea000000)
 Metaspace       used 77666K, capacity 87326K, committed 87464K, reserved 1124352K
  class space    used 9776K, capacity 12666K, committed 12720K, reserved 1048576K
}
Event: 5070.126 GC heap before
{Heap before GC invocations=23 (full 5):
 PSYoungGen      total 793088K, used 2784K [0x000000076cf00000, 0x00000007ae700000, 0x00000007c0000000)
  eden space 633856K, 0% used [0x000000076cf00000,0x000000076cf00000,0x0000000793a00000)
  from space 159232K, 1% used [0x00000007a4b80000,0x00000007a4e38020,0x00000007ae700000)
  to   space 219648K, 0% used [0x0000000793a00000,0x0000000793a00000,0x00000007a1080000)
 ParOldGen       total 577536K, used 513261K [0x00000006c6c00000, 0x00000006ea000000, 0x000000076cf00000)
  object space 577536K, 88% used [0x00000006c6c00000,0x00000006e613b638,0x00000006ea000000)
 Metaspace       used 77666K, capacity 87326K, committed 87464K, reserved 1124352K
  class space    used 9776K, capacity 12666K, committed 12720K, reserved 1048576K
Event: 5070.417 GC heap after
Heap after GC invocations=23 (full 5):
 PSYoungGen      total 793088K, used 0K [0x000000076cf00000, 0x00000007ae700000, 0x00000007c0000000)
  eden space 633856K, 0% used [0x000000076cf00000,0x000000076cf00000,0x0000000793a00000)
  from space 159232K, 0% used [0x00000007a4b80000,0x00000007a4b80000,0x00000007ae700000)
  to   space 219648K, 0% used [0x0000000793a00000,0x0000000793a00000,0x00000007a1080000)
 ParOldGen       total 604672K, used 77300K [0x00000006c6c00000, 0x00000006eba80000, 0x000000076cf00000)
  object space 604672K, 12% used [0x00000006c6c00000,0x00000006cb77d350,0x00000006eba80000)
 Metaspace       used 75899K, capacity 84856K, committed 87464K, reserved 1124352K
  class space    used 9562K, capacity 12262K, committed 12720K, reserved 1048576K
}

