# JRE version: Java(TM) SE Runtime Environment (8.0_20-b26) (build 1.8.0_20-b26)
# Java VM: Java HotSpot(TM) 64-Bit Server VM (25.20-b23 mixed mode linux-amd64 compressed oops)
Heap:
 PSYoungGen      total 816128K, used 78936K [0x000000076cf00000, 0x00000007aee00000, 0x00000007c0000000)
  eden space 738816K, 0% used [0x000000076cf00000,0x000000076d09cd48,0x000000079a080000)
  from space 77312K, 99% used [0x000000079a080000,0x000000079ebf9460,0x000000079ec00000)
  to   space 119808K, 0% used [0x00000007a7900000,0x00000007a7900000,0x00000007aee00000)
 ParOldGen       total 730112K, used 410050K [0x00000006c6c00000, 0x00000006f3500000, 0x000000076cf00000)
  object space 730112K, 56% used [0x00000006c6c00000,0x00000006dfc70878,0x00000006f3500000)
 Metaspace       used 88320K, capacity 98570K, committed 98864K, reserved 1134592K
  class space    used 11064K, capacity 14030K, committed 14132K, reserved 1048576K
GC Heap History (10 events):
Event: 157.837 GC heap before
{Heap before GC invocations=19 (full 3):
 PSYoungGen      total 735744K, used 725872K [0x000000076cf00000, 0x00000007a1580000, 0x00000007c0000000)
  eden space 695296K, 100% used [0x000000076cf00000,0x0000000797600000,0x0000000797600000)
  from space 40448K, 75% used [0x0000000797600000,0x00000007993dc3a0,0x0000000799d80000)
  to   space 42496K, 0% used [0x000000079ec00000,0x000000079ec00000,0x00000007a1580000)
 ParOldGen       total 266752K, used 104384K [0x00000006c6c00000, 0x00000006d7080000, 0x000000076cf00000)
  object space 266752K, 39% used [0x00000006c6c00000,0x00000006cd1f01b8,0x00000006d7080000)
 Metaspace       used 86627K, capacity 96632K, committed 96688K, reserved 1132544K
  class space    used 10846K, capacity 13736K, committed 13748K, reserved 1048576K
Event: 157.991 GC heap after
Heap after GC invocations=19 (full 3):
 PSYoungGen      total 781312K, used 42465K [0x000000076cf00000, 0x00000007a5100000, 0x00000007c0000000)
  eden space 738816K, 0% used [0x000000076cf00000,0x000000076cf00000,0x000000079a080000)
  from space 42496K, 99% used [0x000000079ec00000,0x00000007a1578468,0x00000007a1580000)
  to   space 77312K, 0% used [0x000000079a080000,0x000000079a080000,0x000000079ec00000)
 ParOldGen       total 266752K, used 181910K [0x00000006c6c00000, 0x00000006d7080000, 0x000000076cf00000)
  object space 266752K, 68% used [0x00000006c6c00000,0x00000006d1da59f8,0x00000006d7080000)
 Metaspace       used 86627K, capacity 96632K, committed 96688K, reserved 1132544K
  class space    used 10846K, capacity 13736K, committed 13748K, reserved 1048576K
}
Event: 171.845 GC heap before
{Heap before GC invocations=20 (full 3):
 PSYoungGen      total 781312K, used 781281K [0x000000076cf00000, 0x00000007a5100000, 0x00000007c0000000)
  eden space 738816K, 100% used [0x000000076cf00000,0x000000079a080000,0x000000079a080000)
  from space 42496K, 99% used [0x000000079ec00000,0x00000007a1578468,0x00000007a1580000)
  to   space 77312K, 0% used [0x000000079a080000,0x000000079a080000,0x000000079ec00000)
 ParOldGen       total 266752K, used 181910K [0x00000006c6c00000, 0x00000006d7080000, 0x000000076cf00000)
  object space 266752K, 68% used [0x00000006c6c00000,0x00000006d1da59f8,0x00000006d7080000)
 Metaspace       used 87125K, capacity 97112K, committed 97328K, reserved 1132544K
  class space    used 10940K, capacity 13806K, committed 13876K, reserved 1048576K
Event: 172.653 GC heap after
Heap after GC invocations=20 (full 3):
 PSYoungGen      total 781312K, used 781281K [0x000000076cf00000, 0x00000007a5100000, 0x00000007c0000000)
  eden space 738816K, 100% used [0x000000076cf00000,0x000000079a080000,0x000000079a080000)
  from space 42496K, 99% used [0x000000079ec00000,0x00000007a1578468,0x00000007a1580000)
  to   space 77312K, 99% used [0x000000079a080000,0x000000079ebfd208,0x000000079ec00000)
 ParOldGen       total 411648K, used 411461K [0x00000006c6c00000, 0x00000006dfe00000, 0x000000076cf00000)
  object space 411648K, 99% used [0x00000006c6c00000,0x00000006dfdd15e8,0x00000006dfe00000)
 Metaspace       used 87125K, capacity 97112K, committed 97328K, reserved 1132544K
  class space    used 10940K, capacity 13806K, committed 13876K, reserved 1048576K
}
Event: 172.653 GC heap before
{Heap before GC invocations=21 (full 4):
 PSYoungGen      total 781312K, used 781281K [0x000000076cf00000, 0x00000007a5100000, 0x00000007c0000000)
  eden space 738816K, 100% used [0x000000076cf00000,0x000000079a080000,0x000000079a080000)
  from space 42496K, 99% used [0x000000079ec00000,0x00000007a1578468,0x00000007a1580000)
  to   space 77312K, 99% used [0x000000079a080000,0x000000079ebfd208,0x000000079ec00000)
 ParOldGen       total 411648K, used 411461K [0x00000006c6c00000, 0x00000006dfe00000, 0x000000076cf00000)
  object space 411648K, 99% used [0x00000006c6c00000,0x00000006dfdd15e8,0x00000006dfe00000)
 Metaspace       used 87125K, capacity 97112K, committed 97328K, reserved 1132544K
  class space    used 10940K, capacity 13806K, committed 13876K, reserved 1048576K
Event: 176.608 GC heap after
Heap after GC invocations=21 (full 4):
 PSYoungGen      total 781312K, used 0K [0x000000076cf00000, 0x00000007a5100000, 0x00000007c0000000)
  eden space 738816K, 0% used [0x000000076cf00000,0x000000076cf00000,0x000000079a080000)
  from space 42496K, 0% used [0x000000079ec00000,0x000000079ec00000,0x00000007a1580000)
  to   space 77312K, 89% used [0x000000079a080000,0x000000079e3d5710,0x000000079ec00000)
 ParOldGen       total 743936K, used 411336K [0x00000006c6c00000, 0x00000006f4280000, 0x000000076cf00000)
  object space 743936K, 55% used [0x00000006c6c00000,0x00000006dfdb2088,0x00000006f4280000)
 Metaspace       used 87108K, capacity 97086K, committed 97328K, reserved 1132544K
  class space    used 10937K, capacity 13801K, committed 13876K, reserved 1048576K
}
Event: 576.848 GC heap before
{Heap before GC invocations=22 (full 5):
 PSYoungGen      total 781312K, used 738816K [0x000000076cf00000, 0x00000007a5100000, 0x00000007c0000000)
  eden space 738816K, 100% used [0x000000076cf00000,0x000000079a080000,0x000000079a080000)
  from space 42496K, 0% used [0x000000079ec00000,0x000000079ec00000,0x00000007a1580000)
  to   space 77312K, 89% used [0x000000079a080000,0x000000079e3d5710,0x000000079ec00000)
 ParOldGen       total 743936K, used 411336K [0x00000006c6c00000, 0x00000006f4280000, 0x000000076cf00000)
  object space 743936K, 55% used [0x00000006c6c00000,0x00000006dfdb2088,0x00000006f4280000)
 Metaspace       used 87330K, capacity 97284K, committed 97584K, reserved 1132544K
  class space    used 10940K, capacity 13802K, committed 13876K, reserved 1048576K
Event: 577.692 GC heap after
Heap after GC invocations=22 (full 5):
 PSYoungGen      total 781312K, used 0K [0x000000076cf00000, 0x00000007a5100000, 0x00000007c0000000)
  eden space 738816K, 0% used [0x000000076cf00000,0x000000076cf00000,0x000000079a080000)
  from space 42496K, 0% used [0x000000079ec00000,0x000000079ec00000,0x00000007a1580000)
  to   space 77312K, 0% used [0x000000079a080000,0x000000079a080000,0x000000079ec00000)
 ParOldGen       total 730112K, used 329710K [0x00000006c6c00000, 0x00000006f3500000, 0x000000076cf00000)
  object space 730112K, 45% used [0x00000006c6c00000,0x00000006dadfbab8,0x00000006f3500000)
 Metaspace       used 87330K, capacity 97284K, committed 97584K, reserved 1132544K
  class space    used 10940K, capacity 13802K, committed 13876K, reserved 1048576K
}
Event: 2591.849 GC heap before
{Heap before GC invocations=23 (full 5):
 PSYoungGen      total 781312K, used 738816K [0x000000076cf00000, 0x00000007a5100000, 0x00000007c0000000)
  eden space 738816K, 100% used [0x000000076cf00000,0x000000079a080000,0x000000079a080000)
  from space 42496K, 0% used [0x000000079ec00000,0x000000079ec00000,0x00000007a1580000)
  to   space 77312K, 0% used [0x000000079a080000,0x000000079a080000,0x000000079ec00000)
 ParOldGen       total 730112K, used 329710K [0x00000006c6c00000, 0x00000006f3500000, 0x000000076cf00000)
  object space 730112K, 45% used [0x00000006c6c00000,0x00000006dadfbab8,0x00000006f3500000)
 Metaspace       used 88320K, capacity 98570K, committed 98864K, reserved 1134592K
  class space    used 11064K, capacity 14030K, committed 14132K, reserved 1048576K
Event: 2592.109 GC heap after
Heap after GC invocations=23 (full 5):
 PSYoungGen      total 816128K, used 77285K [0x000000076cf00000, 0x00000007aee00000, 0x00000007c0000000)
  eden space 738816K, 0% used [0x000000076cf00000,0x000000076cf00000,0x000000079a080000)
  from space 77312K, 99% used [0x000000079a080000,0x000000079ebf9460,0x000000079ec00000)
  to   space 119808K, 0% used [0x00000007a7900000,0x00000007a7900000,0x00000007aee00000)
 ParOldGen       total 730112K, used 410050K [0x00000006c6c00000, 0x00000006f3500000, 0x000000076cf00000)
  object space 730112K, 56% used [0x00000006c6c00000,0x00000006dfc70878,0x00000006f3500000)
 Metaspace       used 88320K, capacity 98570K, committed 98864K, reserved 1134592K
  class space    used 11064K, capacity 14030K, committed 14132K, reserved 1048576K
}

