# JRE version: Java(TM) SE Runtime Environment (8.0_20-b26) (build 1.8.0_20-b26)
# Java VM: Java HotSpot(TM) 64-Bit Server VM (25.20-b23 mixed mode linux-amd64 compressed oops)
Heap:
 PSYoungGen      total 570880K, used 13589K [0x000000076cf00000, 0x0000000798e00000, 0x00000007c0000000)
  eden space 562176K, 0% used [0x000000076cf00000,0x000000076d421a48,0x000000078f400000)
  from space 8704K, 95% used [0x0000000790880000,0x00000007910a3ba8,0x0000000791100000)
  to   space 78848K, 0% used [0x0000000794100000,0x0000000794100000,0x0000000798e00000)
 ParOldGen       total 266240K, used 185026K [0x00000006c6c00000, 0x00000006d7000000, 0x000000076cf00000)
  object space 266240K, 69% used [0x00000006c6c00000,0x00000006d20b09f8,0x00000006d7000000)
 Metaspace       used 79151K, capacity 88912K, committed 89128K, reserved 1126400K
  class space    used 10107K, capacity 13045K, committed 13096K, reserved 1048576K
GC Heap History (10 events):
Event: 25.571 GC heap before
{Heap before GC invocations=14 (full 3):
 PSYoungGen      total 503808K, used 487424K [0x000000076cf00000, 0x0000000792180000, 0x00000007c0000000)
  eden space 487424K, 100% used [0x000000076cf00000,0x000000078ab00000,0x000000078ab00000)
  from space 16384K, 0% used [0x000000078c600000,0x000000078c600000,0x000000078d600000)
  to   space 27648K, 0% used [0x000000078ab00000,0x000000078ab00000,0x000000078c600000)
 ParOldGen       total 266240K, used 44609K [0x00000006c6c00000, 0x00000006d7000000, 0x000000076cf00000)
  object space 266240K, 16% used [0x00000006c6c00000,0x00000006c9790418,0x00000006d7000000)
 Metaspace       used 67683K, capacity 76478K, committed 76712K, reserved 1114112K
  class space    used 8638K, capacity 11318K, committed 11432K, reserved 1048576K
Event: 25.608 GC heap after
Heap after GC invocations=14 (full 3):
 PSYoungGen      total 515072K, used 21909K [0x000000076cf00000, 0x0000000792900000, 0x00000007c0000000)
  eden space 487424K, 0% used [0x000000076cf00000,0x000000076cf00000,0x000000078ab00000)
  from space 27648K, 79% used [0x000000078ab00000,0x000000078c065638,0x000000078c600000)
  to   space 29184K, 0% used [0x0000000790c80000,0x0000000790c80000,0x0000000792900000)
 ParOldGen       total 266240K, used 44617K [0x00000006c6c00000, 0x00000006d7000000, 0x000000076cf00000)
  object space 266240K, 16% used [0x00000006c6c00000,0x00000006c9792418,0x00000006d7000000)
 Metaspace       used 67683K, capacity 76478K, committed 76712K, reserved 1114112K
  class space    used 8638K, capacity 11318K, committed 11432K, reserved 1048576K
}
Event: 121.138 GC heap before
{Heap before GC invocations=15 (full 3):
 PSYoungGen      total 515072K, used 509333K [0x000000076cf00000, 0x0000000792900000, 0x00000007c0000000)
  eden space 487424K, 100% used [0x000000076cf00000,0x000000078ab00000,0x000000078ab00000)
  from space 27648K, 79% used [0x000000078ab00000,0x000000078c065638,0x000000078c600000)
  to   space 29184K, 0% used [0x0000000790c80000,0x0000000790c80000,0x0000000792900000)
 ParOldGen       total 266240K, used 44617K [0x00000006c6c00000, 0x00000006d7000000, 0x000000076cf00000)
  object space 266240K, 16% used [0x00000006c6c00000,0x00000006c9792418,0x00000006d7000000)
 Metaspace       used 74298K, capacity 83596K, committed 83880K, reserved 1120256K
  class space    used 9522K, capacity 12358K, committed 12456K, reserved 1048576K
Event: 121.204 GC heap after
Heap after GC invocations=15 (full 3):
 PSYoungGen      total 573440K, used 29152K [0x000000076cf00000, 0x0000000793380000, 0x00000007c0000000)
  eden space 544256K, 0% used [0x000000076cf00000,0x000000076cf00000,0x000000078e280000)
  from space 29184K, 99% used [0x0000000790c80000,0x00000007928f81c0,0x0000000792900000)
  to   space 41472K, 0% used [0x000000078e280000,0x000000078e280000,0x0000000790b00000)
 ParOldGen       total 266240K, used 68250K [0x00000006c6c00000, 0x00000006d7000000, 0x000000076cf00000)
  object space 266240K, 25% used [0x00000006c6c00000,0x00000006caea6bf8,0x00000006d7000000)
 Metaspace       used 74298K, capacity 83596K, committed 83880K, reserved 1120256K
  class space    used 9522K, capacity 12358K, committed 12456K, reserved 1048576K
}
Event: 138.423 GC heap before
{Heap before GC invocations=16 (full 3):
 PSYoungGen      total 573440K, used 573408K [0x000000076cf00000, 0x0000000793380000, 0x00000007c0000000)
  eden space 544256K, 100% used [0x000000076cf00000,0x000000078e280000,0x000000078e280000)
  from space 29184K, 99% used [0x0000000790c80000,0x00000007928f81c0,0x0000000792900000)
  to   space 41472K, 0% used [0x000000078e280000,0x000000078e280000,0x0000000790b00000)
 ParOldGen       total 266240K, used 68250K [0x00000006c6c00000, 0x00000006d7000000, 0x000000076cf00000)
  object space 266240K, 25% used [0x00000006c6c00000,0x00000006caea6bf8,0x00000006d7000000)
 Metaspace       used 77897K, capacity 87318K, committed 87464K, reserved 1124352K
  class space    used 9990K, capacity 12883K, committed 12968K, reserved 1048576K
Event: 138.563 GC heap after
Heap after GC invocations=16 (full 3):
 PSYoungGen      total 585728K, used 41453K [0x000000076cf00000, 0x0000000799200000, 0x00000007c0000000)
  eden space 544256K, 0% used [0x000000076cf00000,0x000000076cf00000,0x000000078e280000)
  from space 41472K, 99% used [0x000000078e280000,0x0000000790afb418,0x0000000790b00000)
  to   space 60928K, 0% used [0x0000000795680000,0x0000000795680000,0x0000000799200000)
 ParOldGen       total 266240K, used 104324K [0x00000006c6c00000, 0x00000006d7000000, 0x000000076cf00000)
  object space 266240K, 39% used [0x00000006c6c00000,0x00000006cd1e1160,0x00000006d7000000)
 Metaspace       used 77897K, capacity 87318K, committed 87464K, reserved 1124352K
  class space    used 9990K, capacity 12883K, committed 12968K, reserved 1048576K
}
Event: 158.742 GC heap before
{Heap before GC invocations=17 (full 3):
 PSYoungGen      total 585728K, used 585709K [0x000000076cf00000, 0x0000000799200000, 0x00000007c0000000)
  eden space 544256K, 100% used [0x000000076cf00000,0x000000078e280000,0x000000078e280000)
  from space 41472K, 99% used [0x000000078e280000,0x0000000790afb418,0x0000000790b00000)
  to   space 60928K, 0% used [0x0000000795680000,0x0000000795680000,0x0000000799200000)
 ParOldGen       total 266240K, used 104324K [0x00000006c6c00000, 0x00000006d7000000, 0x000000076cf00000)
  object space 266240K, 39% used [0x00000006c6c00000,0x00000006cd1e1160,0x00000006d7000000)
 Metaspace       used 78084K, capacity 87520K, committed 87720K, reserved 1124352K
  class space    used 9991K, capacity 12884K, committed 12968K, reserved 1048576K
Event: 158.828 GC heap after
Heap after GC invocations=17 (full 3):
 PSYoungGen      total 644096K, used 60902K [0x000000076cf00000, 0x000000079af00000, 0x00000007c0000000)
  eden space 583168K, 0% used [0x000000076cf00000,0x000000076cf00000,0x0000000790880000)
  from space 60928K, 99% used [0x0000000795680000,0x00000007991f9b90,0x0000000799200000)
  to   space 79872K, 0% used [0x0000000790880000,0x0000000790880000,0x0000000795680000)
 ParOldGen       total 266240K, used 128379K [0x00000006c6c00000, 0x00000006d7000000, 0x000000076cf00000)
  object space 266240K, 48% used [0x00000006c6c00000,0x00000006ce95ef28,0x00000006d7000000)
 Metaspace       used 78084K, capacity 87520K, committed 87720K, reserved 1124352K
  class space    used 9991K, capacity 12884K, committed 12968K, reserved 1048576K
}
Event: 1657.410 GC heap before
{Heap before GC invocations=18 (full 3):
 PSYoungGen      total 644096K, used 644070K [0x000000076cf00000, 0x000000079af00000, 0x00000007c0000000)
  eden space 583168K, 100% used [0x000000076cf00000,0x0000000790880000,0x0000000790880000)
  from space 60928K, 99% used [0x0000000795680000,0x00000007991f9b90,0x0000000799200000)
  to   space 79872K, 0% used [0x0000000790880000,0x0000000790880000,0x0000000795680000)
 ParOldGen       total 266240K, used 128379K [0x00000006c6c00000, 0x00000006d7000000, 0x000000076cf00000)
  object space 266240K, 48% used [0x00000006c6c00000,0x00000006ce95ef28,0x00000006d7000000)
 Metaspace       used 79146K, capacity 88906K, committed 89128K, reserved 1126400K
  class space    used 10106K, capacity 13044K, committed 13096K, reserved 1048576K
Event: 1657.491 GC heap after
Heap after GC invocations=18 (full 3):
 PSYoungGen      total 570880K, used 8334K [0x000000076cf00000, 0x0000000798e00000, 0x00000007c0000000)
  eden space 562176K, 0% used [0x000000076cf00000,0x000000076cf00000,0x000000078f400000)
  from space 8704K, 95% used [0x0000000790880000,0x00000007910a3ba8,0x0000000791100000)
  to   space 78848K, 0% used [0x0000000794100000,0x0000000794100000,0x0000000798e00000)
 ParOldGen       total 266240K, used 185026K [0x00000006c6c00000, 0x00000006d7000000, 0x000000076cf00000)
  object space 266240K, 69% used [0x00000006c6c00000,0x00000006d20b09f8,0x00000006d7000000)
 Metaspace       used 79146K, capacity 88906K, committed 89128K, reserved 1126400K
  class space    used 10106K, capacity 13044K, committed 13096K, reserved 1048576K
}

