# JRE version: Java(TM) SE Runtime Environment (8.0_20-b26) (build 1.8.0_20-b26)
# Java VM: Java HotSpot(TM) 64-Bit Server VM (25.20-b23 mixed mode linux-amd64 compressed oops)
Heap:
 PSYoungGen      total 436736K, used 79106K [0x000000076cf00000, 0x000000078db00000, 0x00000007c0000000)
  eden space 429056K, 18% used [0x000000076cf00000,0x0000000771c40808,0x0000000787200000)
  from space 7680K, 0% used [0x000000078d380000,0x000000078d380000,0x000000078db00000)
  to   space 20992K, 0% used [0x000000078b200000,0x000000078b200000,0x000000078c680000)
 ParOldGen       total 168960K, used 28023K [0x00000006c6c00000, 0x00000006d1100000, 0x000000076cf00000)
  object space 168960K, 16% used [0x00000006c6c00000,0x00000006c875dde0,0x00000006d1100000)
 Metaspace       used 37996K, capacity 41878K, committed 42024K, reserved 1085440K
  class space    used 4228K, capacity 5317K, committed 5416K, reserved 1048576K
GC Heap History (10 events):
Event: 8.543 GC heap before
{Heap before GC invocations=6 (full 0):
 PSYoungGen      total 139264K, used 139238K [0x000000076cf00000, 0x000000077ee00000, 0x00000007c0000000)
  eden space 129024K, 100% used [0x000000076cf00000,0x0000000774d00000,0x0000000774d00000)
  from space 10240K, 99% used [0x0000000774d00000,0x00000007756f98f0,0x0000000775700000)
  to   space 17920K, 0% used [0x000000077dc80000,0x000000077dc80000,0x000000077ee00000)
 ParOldGen       total 171008K, used 10648K [0x00000006c6c00000, 0x00000006d1300000, 0x000000076cf00000)
  object space 171008K, 6% used [0x00000006c6c00000,0x00000006c7666328,0x00000006d1300000)
 Metaspace       used 19303K, capacity 20042K, committed 20224K, reserved 1067008K
  class space    used 1990K, capacity 2205K, committed 2304K, reserved 1048576K
Event: 8.582 GC heap after
Heap after GC invocations=6 (full 0):
 PSYoungGen      total 271872K, used 17909K [0x000000076cf00000, 0x000000077f600000, 0x00000007c0000000)
  eden space 253952K, 0% used [0x000000076cf00000,0x000000076cf00000,0x000000077c700000)
  from space 17920K, 99% used [0x000000077dc80000,0x000000077edfd788,0x000000077ee00000)
  to   space 22016K, 0% used [0x000000077c700000,0x000000077c700000,0x000000077dc80000)
 ParOldGen       total 171008K, used 12904K [0x00000006c6c00000, 0x00000006d1300000, 0x000000076cf00000)
  object space 171008K, 7% used [0x00000006c6c00000,0x00000006c789a1f0,0x00000006d1300000)
 Metaspace       used 19303K, capacity 20042K, committed 20224K, reserved 1067008K
  class space    used 1990K, capacity 2205K, committed 2304K, reserved 1048576K
}
Event: 9.080 GC heap before
{Heap before GC invocations=7 (full 0):
 PSYoungGen      total 271872K, used 167829K [0x000000076cf00000, 0x000000077f600000, 0x00000007c0000000)
  eden space 253952K, 59% used [0x000000076cf00000,0x0000000776167e28,0x000000077c700000)
  from space 17920K, 99% used [0x000000077dc80000,0x000000077edfd788,0x000000077ee00000)
  to   space 22016K, 0% used [0x000000077c700000,0x000000077c700000,0x000000077dc80000)
 ParOldGen       total 171008K, used 12904K [0x00000006c6c00000, 0x00000006d1300000, 0x000000076cf00000)
  object space 171008K, 7% used [0x00000006c6c00000,0x00000006c789a1f0,0x00000006d1300000)
 Metaspace       used 20149K, capacity 21186K, committed 21296K, reserved 1069056K
  class space    used 2091K, capacity 2392K, committed 2432K, reserved 1048576K
Event: 9.105 GC heap after
Heap after GC invocations=7 (full 0):
 PSYoungGen      total 275968K, used 13296K [0x000000076cf00000, 0x000000078e800000, 0x00000007c0000000)
  eden space 253952K, 0% used [0x000000076cf00000,0x000000076cf00000,0x000000077c700000)
  from space 22016K, 60% used [0x000000077c700000,0x000000077d3fc328,0x000000077dc80000)
  to   space 20992K, 0% used [0x000000078d380000,0x000000078d380000,0x000000078e800000)
 ParOldGen       total 171008K, used 18910K [0x00000006c6c00000, 0x00000006d1300000, 0x000000076cf00000)
  object space 171008K, 11% used [0x00000006c6c00000,0x00000006c7e77818,0x00000006d1300000)
 Metaspace       used 20149K, capacity 21186K, committed 21296K, reserved 1069056K
  class space    used 2091K, capacity 2392K, committed 2432K, reserved 1048576K
}
Event: 9.105 GC heap before
{Heap before GC invocations=8 (full 1):
 PSYoungGen      total 275968K, used 13296K [0x000000076cf00000, 0x000000078e800000, 0x00000007c0000000)
  eden space 253952K, 0% used [0x000000076cf00000,0x000000076cf00000,0x000000077c700000)
  from space 22016K, 60% used [0x000000077c700000,0x000000077d3fc328,0x000000077dc80000)
  to   space 20992K, 0% used [0x000000078d380000,0x000000078d380000,0x000000078e800000)
 ParOldGen       total 171008K, used 18910K [0x00000006c6c00000, 0x00000006d1300000, 0x000000076cf00000)
  object space 171008K, 11% used [0x00000006c6c00000,0x00000006c7e77818,0x00000006d1300000)
 Metaspace       used 20149K, capacity 21186K, committed 21296K, reserved 1069056K
  class space    used 2091K, capacity 2392K, committed 2432K, reserved 1048576K
Event: 9.225 GC heap after
Heap after GC invocations=8 (full 1):
 PSYoungGen      total 275968K, used 0K [0x000000076cf00000, 0x000000078e800000, 0x00000007c0000000)
  eden space 253952K, 0% used [0x000000076cf00000,0x000000076cf00000,0x000000077c700000)
  from space 22016K, 0% used [0x000000077c700000,0x000000077c700000,0x000000077dc80000)
  to   space 20992K, 0% used [0x000000078d380000,0x000000078d380000,0x000000078e800000)
 ParOldGen       total 112640K, used 23164K [0x00000006c6c00000, 0x00000006cda00000, 0x000000076cf00000)
  object space 112640K, 20% used [0x00000006c6c00000,0x00000006c829f178,0x00000006cda00000)
 Metaspace       used 20144K, capacity 21172K, committed 21296K, reserved 1069056K
  class space    used 2089K, capacity 2389K, committed 2432K, reserved 1048576K
}
Event: 10.775 GC heap before
{Heap before GC invocations=9 (full 1):
 PSYoungGen      total 275968K, used 99361K [0x000000076cf00000, 0x000000078e800000, 0x00000007c0000000)
  eden space 253952K, 39% used [0x000000076cf00000,0x00000007730087b8,0x000000077c700000)
  from space 22016K, 0% used [0x000000077c700000,0x000000077c700000,0x000000077dc80000)
  to   space 20992K, 0% used [0x000000078d380000,0x000000078d380000,0x000000078e800000)
 ParOldGen       total 112640K, used 23164K [0x00000006c6c00000, 0x00000006cda00000, 0x000000076cf00000)
  object space 112640K, 20% used [0x00000006c6c00000,0x00000006c829f178,0x00000006cda00000)
 Metaspace       used 32314K, capacity 35432K, committed 35496K, reserved 1081344K
  class space    used 3609K, capacity 4510K, committed 4520K, reserved 1048576K
Event: 10.792 GC heap after
Heap after GC invocations=9 (full 1):
 PSYoungGen      total 436736K, used 7611K [0x000000076cf00000, 0x000000078db00000, 0x00000007c0000000)
  eden space 429056K, 0% used [0x000000076cf00000,0x000000076cf00000,0x0000000787200000)
  from space 7680K, 99% used [0x000000078d380000,0x000000078daeec50,0x000000078db00000)
  to   space 20992K, 0% used [0x000000078b200000,0x000000078b200000,0x000000078c680000)
 ParOldGen       total 112640K, used 23172K [0x00000006c6c00000, 0x00000006cda00000, 0x000000076cf00000)
  object space 112640K, 20% used [0x00000006c6c00000,0x00000006c82a1178,0x00000006cda00000)
 Metaspace       used 32314K, capacity 35432K, committed 35496K, reserved 1081344K
  class space    used 3609K, capacity 4510K, committed 4520K, reserved 1048576K
}
Event: 10.792 GC heap before
{Heap before GC invocations=10 (full 2):
 PSYoungGen      total 436736K, used 7611K [0x000000076cf00000, 0x000000078db00000, 0x00000007c0000000)
  eden space 429056K, 0% used [0x000000076cf00000,0x000000076cf00000,0x0000000787200000)
  from space 7680K, 99% used [0x000000078d380000,0x000000078daeec50,0x000000078db00000)
  to   space 20992K, 0% used [0x000000078b200000,0x000000078b200000,0x000000078c680000)
 ParOldGen       total 112640K, used 23172K [0x00000006c6c00000, 0x00000006cda00000, 0x000000076cf00000)
  object space 112640K, 20% used [0x00000006c6c00000,0x00000006c82a1178,0x00000006cda00000)
 Metaspace       used 32314K, capacity 35432K, committed 35496K, reserved 1081344K
  class space    used 3609K, capacity 4510K, committed 4520K, reserved 1048576K
Event: 10.932 GC heap after
Heap after GC invocations=10 (full 2):
 PSYoungGen      total 436736K, used 0K [0x000000076cf00000, 0x000000078db00000, 0x00000007c0000000)
  eden space 429056K, 0% used [0x000000076cf00000,0x000000076cf00000,0x0000000787200000)
  from space 7680K, 0% used [0x000000078d380000,0x000000078d380000,0x000000078db00000)
  to   space 20992K, 0% used [0x000000078b200000,0x000000078b200000,0x000000078c680000)
 ParOldGen       total 168960K, used 28023K [0x00000006c6c00000, 0x00000006d1100000, 0x000000076cf00000)
  object space 168960K, 16% used [0x00000006c6c00000,0x00000006c875dde0,0x00000006d1100000)
 Metaspace       used 32314K, capacity 35432K, committed 35496K, reserved 1081344K
  class space    used 3609K, capacity 4510K, committed 4520K, reserved 1048576K
}

