# JRE version: Java(TM) SE Runtime Environment (8.0_20-b26) (build 1.8.0_20-b26)
# Java VM: Java HotSpot(TM) 64-Bit Server VM (25.20-b23 mixed mode linux-amd64 compressed oops)
Heap:
 PSYoungGen      total 1152512K, used 26673K [0x000000076cf00000, 0x00000007c0000000, 0x00000007c0000000)
  eden space 944128K, 0% used [0x000000076cf00000,0x000000076d16b958,0x00000007a6900000)
  from space 208384K, 11% used [0x00000007a6900000,0x00000007a80a0c68,0x00000007b3480000)
  to   space 201216K, 0% used [0x00000007b3b80000,0x00000007b3b80000,0x00000007c0000000)
 ParOldGen       total 711168K, used 444818K [0x00000006c6c00000, 0x00000006f2280000, 0x000000076cf00000)
  object space 711168K, 62% used [0x00000006c6c00000,0x00000006e1e64bb8,0x00000006f2280000)
 Metaspace       used 79357K, capacity 89180K, committed 89384K, reserved 1126400K
  class space    used 10086K, capacity 13042K, committed 13104K, reserved 1048576K
GC Heap History (10 events):
Event: 82.482 GC heap before
{Heap before GC invocations=25 (full 4):
 PSYoungGen      total 981504K, used 877474K [0x000000076cf00000, 0x00000007b0180000, 0x00000007c0000000)
  eden space 858624K, 99% used [0x000000076cf00000,0x00000007a14a3948,0x00000007a1580000)
  from space 122880K, 16% used [0x00000007a8980000,0x00000007a9cc4fd0,0x00000007b0180000)
  to   space 118784K, 0% used [0x00000007a1580000,0x00000007a1580000,0x00000007a8980000)
 ParOldGen       total 711168K, used 300119K [0x00000006c6c00000, 0x00000006f2280000, 0x000000076cf00000)
  object space 711168K, 42% used [0x00000006c6c00000,0x00000006d9115e80,0x00000006f2280000)
 Metaspace       used 77897K, capacity 87530K, committed 87848K, reserved 1124352K
  class space    used 9894K, capacity 12780K, committed 12848K, reserved 1048576K
Event: 82.493 GC heap after
Heap after GC invocations=25 (full 4):
 PSYoungGen      total 977408K, used 20624K [0x000000076cf00000, 0x00000007b7e00000, 0x00000007c0000000)
  eden space 858624K, 0% used [0x000000076cf00000,0x000000076cf00000,0x00000007a1580000)
  from space 118784K, 17% used [0x00000007a1580000,0x00000007a29a4258,0x00000007a8980000)
  to   space 113152K, 0% used [0x00000007b0f80000,0x00000007b0f80000,0x00000007b7e00000)
 ParOldGen       total 711168K, used 300119K [0x00000006c6c00000, 0x00000006f2280000, 0x000000076cf00000)
  object space 711168K, 42% used [0x00000006c6c00000,0x00000006d9115e80,0x00000006f2280000)
 Metaspace       used 77897K, capacity 87530K, committed 87848K, reserved 1124352K
  class space    used 9894K, capacity 12780K, committed 12848K, reserved 1048576K
}
Event: 82.967 GC heap before
{Heap before GC invocations=26 (full 4):
 PSYoungGen      total 977408K, used 877547K [0x000000076cf00000, 0x00000007b7e00000, 0x00000007c0000000)
  eden space 858624K, 99% used [0x000000076cf00000,0x00000007a13d6a10,0x00000007a1580000)
  from space 118784K, 17% used [0x00000007a1580000,0x00000007a29a4258,0x00000007a8980000)
  to   space 113152K, 0% used [0x00000007b0f80000,0x00000007b0f80000,0x00000007b7e00000)
 ParOldGen       total 711168K, used 300119K [0x00000006c6c00000, 0x00000006f2280000, 0x000000076cf00000)
  object space 711168K, 42% used [0x00000006c6c00000,0x00000006d9115e80,0x00000006f2280000)
 Metaspace       used 77897K, capacity 87530K, committed 87848K, reserved 1124352K
  class space    used 9894K, capacity 12780K, committed 12848K, reserved 1048576K
Event: 82.982 GC heap after
Heap after GC invocations=26 (full 4):
 PSYoungGen      total 1102336K, used 21699K [0x000000076cf00000, 0x00000007b7280000, 0x00000007c0000000)
  eden space 1000960K, 0% used [0x000000076cf00000,0x000000076cf00000,0x00000007aa080000)
  from space 101376K, 21% used [0x00000007b0f80000,0x00000007b24b0e10,0x00000007b7280000)
  to   space 107520K, 0% used [0x00000007aa080000,0x00000007aa080000,0x00000007b0980000)
 ParOldGen       total 711168K, used 300119K [0x00000006c6c00000, 0x00000006f2280000, 0x000000076cf00000)
  object space 711168K, 42% used [0x00000006c6c00000,0x00000006d9115e80,0x00000006f2280000)
 Metaspace       used 77897K, capacity 87530K, committed 87848K, reserved 1124352K
  class space    used 9894K, capacity 12780K, committed 12848K, reserved 1048576K
}
Event: 87.510 GC heap before
{Heap before GC invocations=27 (full 4):
 PSYoungGen      total 1102336K, used 1022659K [0x000000076cf00000, 0x00000007b7280000, 0x00000007c0000000)
  eden space 1000960K, 100% used [0x000000076cf00000,0x00000007aa080000,0x00000007aa080000)
  from space 101376K, 21% used [0x00000007b0f80000,0x00000007b24b0e10,0x00000007b7280000)
  to   space 107520K, 0% used [0x00000007aa080000,0x00000007aa080000,0x00000007b0980000)
 ParOldGen       total 711168K, used 300119K [0x00000006c6c00000, 0x00000006f2280000, 0x000000076cf00000)
  object space 711168K, 42% used [0x00000006c6c00000,0x00000006d9115e80,0x00000006f2280000)
 Metaspace       used 78094K, capacity 87724K, committed 87848K, reserved 1124352K
  class space    used 9905K, capacity 12791K, committed 12848K, reserved 1048576K
Event: 87.672 GC heap after
Heap after GC invocations=27 (full 4):
 PSYoungGen      total 1108480K, used 107509K [0x000000076cf00000, 0x00000007c0000000, 0x00000007c0000000)
  eden space 1000960K, 0% used [0x000000076cf00000,0x000000076cf00000,0x00000007aa080000)
  from space 107520K, 99% used [0x00000007aa080000,0x00000007b097d790,0x00000007b0980000)
  to   space 148480K, 0% used [0x00000007b6f00000,0x00000007b6f00000,0x00000007c0000000)
 ParOldGen       total 711168K, used 355954K [0x00000006c6c00000, 0x00000006f2280000, 0x000000076cf00000)
  object space 711168K, 50% used [0x00000006c6c00000,0x00000006dc79c900,0x00000006f2280000)
 Metaspace       used 78094K, capacity 87724K, committed 87848K, reserved 1124352K
  class space    used 9905K, capacity 12791K, committed 12848K, reserved 1048576K
}
Event: 170.419 GC heap before
{Heap before GC invocations=28 (full 4):
 PSYoungGen      total 1108480K, used 1108469K [0x000000076cf00000, 0x00000007c0000000, 0x00000007c0000000)
  eden space 1000960K, 100% used [0x000000076cf00000,0x00000007aa080000,0x00000007aa080000)
  from space 107520K, 99% used [0x00000007aa080000,0x00000007b097d790,0x00000007b0980000)
  to   space 148480K, 0% used [0x00000007b6f00000,0x00000007b6f00000,0x00000007c0000000)
 ParOldGen       total 711168K, used 355954K [0x00000006c6c00000, 0x00000006f2280000, 0x000000076cf00000)
  object space 711168K, 50% used [0x00000006c6c00000,0x00000006dc79c900,0x00000006f2280000)
 Metaspace       used 78604K, capacity 88244K, committed 88488K, reserved 1124352K
  class space    used 9987K, capacity 12859K, committed 12976K, reserved 1048576K
Event: 170.687 GC heap after
Heap after GC invocations=28 (full 4):
 PSYoungGen      total 1092608K, used 148473K [0x000000076cf00000, 0x00000007c0000000, 0x00000007c0000000)
  eden space 944128K, 0% used [0x000000076cf00000,0x000000076cf00000,0x00000007a6900000)
  from space 148480K, 99% used [0x00000007b6f00000,0x00000007bfffe750,0x00000007c0000000)
  to   space 208384K, 0% used [0x00000007a6900000,0x00000007a6900000,0x00000007b3480000)
 ParOldGen       total 711168K, used 443818K [0x00000006c6c00000, 0x00000006f2280000, 0x000000076cf00000)
  object space 711168K, 62% used [0x00000006c6c00000,0x00000006e1d6abb8,0x00000006f2280000)
 Metaspace       used 78604K, capacity 88244K, committed 88488K, reserved 1124352K
  class space    used 9987K, capacity 12859K, committed 12976K, reserved 1048576K
}
Event: 1309.516 GC heap before
{Heap before GC invocations=29 (full 4):
 PSYoungGen      total 1092608K, used 1092601K [0x000000076cf00000, 0x00000007c0000000, 0x00000007c0000000)
  eden space 944128K, 100% used [0x000000076cf00000,0x00000007a6900000,0x00000007a6900000)
  from space 148480K, 99% used [0x00000007b6f00000,0x00000007bfffe750,0x00000007c0000000)
  to   space 208384K, 0% used [0x00000007a6900000,0x00000007a6900000,0x00000007b3480000)
 ParOldGen       total 711168K, used 443818K [0x00000006c6c00000, 0x00000006f2280000, 0x000000076cf00000)
  object space 711168K, 62% used [0x00000006c6c00000,0x00000006e1d6abb8,0x00000006f2280000)
 Metaspace       used 79356K, capacity 89180K, committed 89384K, reserved 1126400K
  class space    used 10086K, capacity 13042K, committed 13104K, reserved 1048576K
Event: 1309.630 GC heap after
Heap after GC invocations=29 (full 4):
 PSYoungGen      total 1152512K, used 24195K [0x000000076cf00000, 0x00000007c0000000, 0x00000007c0000000)
  eden space 944128K, 0% used [0x000000076cf00000,0x000000076cf00000,0x00000007a6900000)
  from space 208384K, 11% used [0x00000007a6900000,0x00000007a80a0c68,0x00000007b3480000)
  to   space 201216K, 0% used [0x00000007b3b80000,0x00000007b3b80000,0x00000007c0000000)
 ParOldGen       total 711168K, used 444818K [0x00000006c6c00000, 0x00000006f2280000, 0x000000076cf00000)
  object space 711168K, 62% used [0x00000006c6c00000,0x00000006e1e64bb8,0x00000006f2280000)
 Metaspace       used 79356K, capacity 89180K, committed 89384K, reserved 1126400K
  class space    used 10086K, capacity 13042K, committed 13104K, reserved 1048576K
}

