# JRE version: Java(TM) SE Runtime Environment (8.0_20-b26) (build 1.8.0_20-b26)
# Java VM: Java HotSpot(TM) 64-Bit Server VM (25.20-b23 mixed mode linux-amd64 compressed oops)
Heap:
 PSYoungGen      total 427520K, used 96212K [0x000000076cf00000, 0x000000078dc00000, 0x00000007c0000000)
  eden space 420352K, 22% used [0x000000076cf00000,0x0000000772cf50e8,0x0000000786980000)
  from space 7168K, 0% used [0x000000078d500000,0x000000078d500000,0x000000078dc00000)
  to   space 22528K, 0% used [0x000000078b000000,0x000000078b000000,0x000000078c600000)
 ParOldGen       total 175616K, used 26655K [0x00000006c6c00000, 0x00000006d1780000, 0x000000076cf00000)
  object space 175616K, 15% used [0x00000006c6c00000,0x00000006c8607fd8,0x00000006d1780000)
 Metaspace       used 38354K, capacity 42224K, committed 42584K, reserved 1087488K
  class space    used 4245K, capacity 5347K, committed 5464K, reserved 1048576K
GC Heap History (10 events):
Event: 10.990 GC heap before
{Heap before GC invocations=6 (full 0):
 PSYoungGen      total 139264K, used 139243K [0x000000076cf00000, 0x000000077ef00000, 0x00000007c0000000)
  eden space 129024K, 100% used [0x000000076cf00000,0x0000000774d00000,0x0000000774d00000)
  from space 10240K, 99% used [0x0000000774d00000,0x00000007756fac90,0x0000000775700000)
  to   space 18432K, 0% used [0x000000077dd00000,0x000000077dd00000,0x000000077ef00000)
 ParOldGen       total 171008K, used 9114K [0x00000006c6c00000, 0x00000006d1300000, 0x000000076cf00000)
  object space 171008K, 5% used [0x00000006c6c00000,0x00000006c74e6bb0,0x00000006d1300000)
 Metaspace       used 17781K, capacity 18590K, committed 18688K, reserved 1067008K
  class space    used 1816K, capacity 2037K, committed 2048K, reserved 1048576K
Event: 11.020 GC heap after
Heap after GC invocations=6 (full 0):
 PSYoungGen      total 272384K, used 18410K [0x000000076cf00000, 0x000000077f700000, 0x00000007c0000000)
  eden space 253952K, 0% used [0x000000076cf00000,0x000000076cf00000,0x000000077c700000)
  from space 18432K, 99% used [0x000000077dd00000,0x000000077eefaa48,0x000000077ef00000)
  to   space 22528K, 0% used [0x000000077c700000,0x000000077c700000,0x000000077dd00000)
 ParOldGen       total 171008K, used 10812K [0x00000006c6c00000, 0x00000006d1300000, 0x000000076cf00000)
  object space 171008K, 6% used [0x00000006c6c00000,0x00000006c768f348,0x00000006d1300000)
 Metaspace       used 17781K, capacity 18590K, committed 18688K, reserved 1067008K
  class space    used 1816K, capacity 2037K, committed 2048K, reserved 1048576K
}
Event: 11.763 GC heap before
{Heap before GC invocations=7 (full 0):
 PSYoungGen      total 272384K, used 168358K [0x000000076cf00000, 0x000000077f700000, 0x00000007c0000000)
  eden space 253952K, 59% used [0x000000076cf00000,0x000000077616f020,0x000000077c700000)
  from space 18432K, 99% used [0x000000077dd00000,0x000000077eefaa48,0x000000077ef00000)
  to   space 22528K, 0% used [0x000000077c700000,0x000000077c700000,0x000000077dd00000)
 ParOldGen       total 171008K, used 10812K [0x00000006c6c00000, 0x00000006d1300000, 0x000000076cf00000)
  object space 171008K, 6% used [0x00000006c6c00000,0x00000006c768f348,0x00000006d1300000)
 Metaspace       used 19933K, capacity 21050K, committed 21248K, reserved 1069056K
  class space    used 2036K, capacity 2433K, committed 2560K, reserved 1048576K
Event: 11.791 GC heap after
Heap after GC invocations=7 (full 0):
 PSYoungGen      total 276480K, used 15389K [0x000000076cf00000, 0x000000078eb00000, 0x00000007c0000000)
  eden space 253952K, 0% used [0x000000076cf00000,0x000000076cf00000,0x000000077c700000)
  from space 22528K, 68% used [0x000000077c700000,0x000000077d6076f0,0x000000077dd00000)
  to   space 22528K, 0% used [0x000000078d500000,0x000000078d500000,0x000000078eb00000)
 ParOldGen       total 171008K, used 15549K [0x00000006c6c00000, 0x00000006d1300000, 0x000000076cf00000)
  object space 171008K, 9% used [0x00000006c6c00000,0x00000006c7b2f5e0,0x00000006d1300000)
 Metaspace       used 19933K, capacity 21050K, committed 21248K, reserved 1069056K
  class space    used 2036K, capacity 2433K, committed 2560K, reserved 1048576K
}
Event: 11.791 GC heap before
{Heap before GC invocations=8 (full 1):
 PSYoungGen      total 276480K, used 15389K [0x000000076cf00000, 0x000000078eb00000, 0x00000007c0000000)
  eden space 253952K, 0% used [0x000000076cf00000,0x000000076cf00000,0x000000077c700000)
  from space 22528K, 68% used [0x000000077c700000,0x000000077d6076f0,0x000000077dd00000)
  to   space 22528K, 0% used [0x000000078d500000,0x000000078d500000,0x000000078eb00000)
 ParOldGen       total 171008K, used 15549K [0x00000006c6c00000, 0x00000006d1300000, 0x000000076cf00000)
  object space 171008K, 9% used [0x00000006c6c00000,0x00000006c7b2f5e0,0x00000006d1300000)
 Metaspace       used 19933K, capacity 21050K, committed 21248K, reserved 1069056K
  class space    used 2036K, capacity 2433K, committed 2560K, reserved 1048576K
Event: 11.921 GC heap after
Heap after GC invocations=8 (full 1):
 PSYoungGen      total 276480K, used 0K [0x000000076cf00000, 0x000000078eb00000, 0x00000007c0000000)
  eden space 253952K, 0% used [0x000000076cf00000,0x000000076cf00000,0x000000077c700000)
  from space 22528K, 0% used [0x000000077c700000,0x000000077c700000,0x000000077dd00000)
  to   space 22528K, 0% used [0x000000078d500000,0x000000078d500000,0x000000078eb00000)
 ParOldGen       total 113152K, used 22563K [0x00000006c6c00000, 0x00000006cda80000, 0x000000076cf00000)
  object space 113152K, 19% used [0x00000006c6c00000,0x00000006c8208df8,0x00000006cda80000)
 Metaspace       used 19932K, capacity 21048K, committed 21248K, reserved 1069056K
  class space    used 2036K, capacity 2432K, committed 2560K, reserved 1048576K
}
Event: 13.587 GC heap before
{Heap before GC invocations=9 (full 1):
 PSYoungGen      total 276480K, used 101244K [0x000000076cf00000, 0x000000078eb00000, 0x00000007c0000000)
  eden space 253952K, 39% used [0x000000076cf00000,0x00000007731df3a8,0x000000077c700000)
  from space 22528K, 0% used [0x000000077c700000,0x000000077c700000,0x000000077dd00000)
  to   space 22528K, 0% used [0x000000078d500000,0x000000078d500000,0x000000078eb00000)
 ParOldGen       total 113152K, used 22563K [0x00000006c6c00000, 0x00000006cda80000, 0x000000076cf00000)
  object space 113152K, 19% used [0x00000006c6c00000,0x00000006c8208df8,0x00000006cda80000)
 Metaspace       used 32120K, capacity 35186K, committed 35416K, reserved 1081344K
  class space    used 3548K, capacity 4428K, committed 4440K, reserved 1048576K
Event: 13.602 GC heap after
Heap after GC invocations=9 (full 1):
 PSYoungGen      total 427520K, used 7056K [0x000000076cf00000, 0x000000078dc00000, 0x00000007c0000000)
  eden space 420352K, 0% used [0x000000076cf00000,0x000000076cf00000,0x0000000786980000)
  from space 7168K, 98% used [0x000000078d500000,0x000000078dbe4148,0x000000078dc00000)
  to   space 22528K, 0% used [0x000000078b000000,0x000000078b000000,0x000000078c600000)
 ParOldGen       total 113152K, used 22571K [0x00000006c6c00000, 0x00000006cda80000, 0x000000076cf00000)
  object space 113152K, 19% used [0x00000006c6c00000,0x00000006c820adf8,0x00000006cda80000)
 Metaspace       used 32120K, capacity 35186K, committed 35416K, reserved 1081344K
  class space    used 3548K, capacity 4428K, committed 4440K, reserved 1048576K
}
Event: 13.602 GC heap before
{Heap before GC invocations=10 (full 2):
 PSYoungGen      total 427520K, used 7056K [0x000000076cf00000, 0x000000078dc00000, 0x00000007c0000000)
  eden space 420352K, 0% used [0x000000076cf00000,0x000000076cf00000,0x0000000786980000)
  from space 7168K, 98% used [0x000000078d500000,0x000000078dbe4148,0x000000078dc00000)
  to   space 22528K, 0% used [0x000000078b000000,0x000000078b000000,0x000000078c600000)
 ParOldGen       total 113152K, used 22571K [0x00000006c6c00000, 0x00000006cda80000, 0x000000076cf00000)
  object space 113152K, 19% used [0x00000006c6c00000,0x00000006c820adf8,0x00000006cda80000)
 Metaspace       used 32120K, capacity 35186K, committed 35416K, reserved 1081344K
  class space    used 3548K, capacity 4428K, committed 4440K, reserved 1048576K
Event: 13.751 GC heap after
Heap after GC invocations=10 (full 2):
 PSYoungGen      total 427520K, used 0K [0x000000076cf00000, 0x000000078dc00000, 0x00000007c0000000)
  eden space 420352K, 0% used [0x000000076cf00000,0x000000076cf00000,0x0000000786980000)
  from space 7168K, 0% used [0x000000078d500000,0x000000078d500000,0x000000078dc00000)
  to   space 22528K, 0% used [0x000000078b000000,0x000000078b000000,0x000000078c600000)
 ParOldGen       total 175616K, used 26655K [0x00000006c6c00000, 0x00000006d1780000, 0x000000076cf00000)
  object space 175616K, 15% used [0x00000006c6c00000,0x00000006c8607fd8,0x00000006d1780000)
 Metaspace       used 32120K, capacity 35186K, committed 35416K, reserved 1081344K
  class space    used 3548K, capacity 4428K, committed 4440K, reserved 1048576K
}

