# JRE version: Java(TM) SE Runtime Environment (8.0_20-b26) (build 1.8.0_20-b26)
# Java VM: Java HotSpot(TM) 64-Bit Server VM (25.20-b23 mixed mode linux-amd64 compressed oops)
Heap:
 PSYoungGen      total 592384K, used 14297K [0x000000076cf00000, 0x00000007a6b80000, 0x00000007c0000000)
  eden space 241664K, 0% used [0x000000076cf00000,0x000000076d07ec30,0x000000077bb00000)
  from space 350720K, 3% used [0x000000077bb00000,0x000000077c777860,0x0000000791180000)
  to   space 345600K, 0% used [0x0000000791a00000,0x0000000791a00000,0x00000007a6b80000)
 ParOldGen       total 912896K, used 688622K [0x00000006c6c00000, 0x00000006fe780000, 0x000000076cf00000)
  object space 912896K, 75% used [0x00000006c6c00000,0x00000006f0c7baf0,0x00000006fe780000)
 Metaspace       used 82751K, capacity 93130K, committed 93232K, reserved 1128448K
  class space    used 10511K, capacity 13585K, committed 13616K, reserved 1048576K
GC Heap History (10 events):
Event: 963.847 GC heap before
{Heap before GC invocations=32 (full 5):
 PSYoungGen      total 527360K, used 342603K [0x000000076cf00000, 0x000000079d600000, 0x00000007c0000000)
  eden space 325632K, 100% used [0x000000076cf00000,0x0000000780d00000,0x0000000780d00000)
  from space 201728K, 8% used [0x0000000791100000,0x0000000792192e10,0x000000079d600000)
  to   space 233984K, 0% used [0x0000000780d00000,0x0000000780d00000,0x000000078f180000)
 ParOldGen       total 912896K, used 479709K [0x00000006c6c00000, 0x00000006fe780000, 0x000000076cf00000)
  object space 912896K, 52% used [0x00000006c6c00000,0x00000006e40775a0,0x00000006fe780000)
 Metaspace       used 81268K, capacity 91056K, committed 91184K, reserved 1126400K
  class space    used 10373K, capacity 13327K, committed 13360K, reserved 1048576K
Event: 963.871 GC heap after
Heap after GC invocations=32 (full 5):
 PSYoungGen      total 559616K, used 55671K [0x000000076cf00000, 0x000000079d000000, 0x00000007c0000000)
  eden space 325632K, 0% used [0x000000076cf00000,0x000000076cf00000,0x0000000780d00000)
  from space 233984K, 23% used [0x0000000780d00000,0x000000078435de08,0x000000078f180000)
  to   space 221184K, 0% used [0x000000078f800000,0x000000078f800000,0x000000079d000000)
 ParOldGen       total 912896K, used 479717K [0x00000006c6c00000, 0x00000006fe780000, 0x000000076cf00000)
  object space 912896K, 52% used [0x00000006c6c00000,0x00000006e40795a0,0x00000006fe780000)
 Metaspace       used 81268K, capacity 91056K, committed 91184K, reserved 1126400K
  class space    used 10373K, capacity 13327K, committed 13360K, reserved 1048576K
}
Event: 1106.509 GC heap before
{Heap before GC invocations=33 (full 5):
 PSYoungGen      total 559616K, used 381303K [0x000000076cf00000, 0x000000079d000000, 0x00000007c0000000)
  eden space 325632K, 100% used [0x000000076cf00000,0x0000000780d00000,0x0000000780d00000)
  from space 233984K, 23% used [0x0000000780d00000,0x000000078435de08,0x000000078f180000)
  to   space 221184K, 0% used [0x000000078f800000,0x000000078f800000,0x000000079d000000)
 ParOldGen       total 912896K, used 479717K [0x00000006c6c00000, 0x00000006fe780000, 0x000000076cf00000)
  object space 912896K, 52% used [0x00000006c6c00000,0x00000006e40795a0,0x00000006fe780000)
 Metaspace       used 81789K, capacity 91720K, committed 92080K, reserved 1128448K
  class space    used 10399K, capacity 13397K, committed 13488K, reserved 1048576K
Event: 1106.568 GC heap after
Heap after GC invocations=33 (full 5):
 PSYoungGen      total 561152K, used 115992K [0x000000076cf00000, 0x000000079ce80000, 0x00000007c0000000)
  eden space 341504K, 0% used [0x000000076cf00000,0x000000076cf00000,0x0000000781c80000)
  from space 219648K, 52% used [0x000000078f800000,0x00000007969463a8,0x000000079ce80000)
  to   space 222208K, 0% used [0x0000000781c80000,0x0000000781c80000,0x000000078f580000)
 ParOldGen       total 912896K, used 479725K [0x00000006c6c00000, 0x00000006fe780000, 0x000000076cf00000)
  object space 912896K, 52% used [0x00000006c6c00000,0x00000006e407b5a0,0x00000006fe780000)
 Metaspace       used 81789K, capacity 91720K, committed 92080K, reserved 1128448K
  class space    used 10399K, capacity 13397K, committed 13488K, reserved 1048576K
}
Event: 1142.073 GC heap before
{Heap before GC invocations=34 (full 5):
 PSYoungGen      total 561152K, used 457496K [0x000000076cf00000, 0x000000079ce80000, 0x00000007c0000000)
  eden space 341504K, 100% used [0x000000076cf00000,0x0000000781c80000,0x0000000781c80000)
  from space 219648K, 52% used [0x000000078f800000,0x00000007969463a8,0x000000079ce80000)
  to   space 222208K, 0% used [0x0000000781c80000,0x0000000781c80000,0x000000078f580000)
 ParOldGen       total 912896K, used 479725K [0x00000006c6c00000, 0x00000006fe780000, 0x000000076cf00000)
  object space 912896K, 52% used [0x00000006c6c00000,0x00000006e407b5a0,0x00000006fe780000)
 Metaspace       used 82044K, capacity 92042K, committed 92336K, reserved 1128448K
  class space    used 10425K, capacity 13438K, committed 13488K, reserved 1048576K
Event: 1142.133 GC heap after
Heap after GC invocations=34 (full 5):
 PSYoungGen      total 563712K, used 156565K [0x000000076cf00000, 0x000000079f980000, 0x00000007c0000000)
  eden space 341504K, 0% used [0x000000076cf00000,0x000000076cf00000,0x0000000781c80000)
  from space 222208K, 70% used [0x0000000781c80000,0x000000078b565600,0x000000078f580000)
  to   space 237568K, 0% used [0x0000000791180000,0x0000000791180000,0x000000079f980000)
 ParOldGen       total 912896K, used 479725K [0x00000006c6c00000, 0x00000006fe780000, 0x000000076cf00000)
  object space 912896K, 52% used [0x00000006c6c00000,0x00000006e407b5a0,0x00000006fe780000)
 Metaspace       used 82044K, capacity 92042K, committed 92336K, reserved 1128448K
  class space    used 10425K, capacity 13438K, committed 13488K, reserved 1048576K
}
Event: 1148.052 GC heap before
{Heap before GC invocations=35 (full 5):
 PSYoungGen      total 563712K, used 498069K [0x000000076cf00000, 0x000000079f980000, 0x00000007c0000000)
  eden space 341504K, 100% used [0x000000076cf00000,0x0000000781c80000,0x0000000781c80000)
  from space 222208K, 70% used [0x0000000781c80000,0x000000078b565600,0x000000078f580000)
  to   space 237568K, 0% used [0x0000000791180000,0x0000000791180000,0x000000079f980000)
 ParOldGen       total 912896K, used 479725K [0x00000006c6c00000, 0x00000006fe780000, 0x000000076cf00000)
  object space 912896K, 52% used [0x00000006c6c00000,0x00000006e407b5a0,0x00000006fe780000)
 Metaspace       used 82055K, capacity 92042K, committed 92336K, reserved 1128448K
  class space    used 10425K, capacity 13438K, committed 13488K, reserved 1048576K
Event: 1148.400 GC heap after
Heap after GC invocations=35 (full 5):
 PSYoungGen      total 479232K, used 237542K [0x000000076cf00000, 0x00000007ae180000, 0x00000007c0000000)
  eden space 241664K, 0% used [0x000000076cf00000,0x000000076cf00000,0x000000077bb00000)
  from space 237568K, 99% used [0x0000000791180000,0x000000079f979b08,0x000000079f980000)
  to   space 350720K, 0% used [0x000000077bb00000,0x000000077bb00000,0x0000000791180000)
 ParOldGen       total 912896K, used 673906K [0x00000006c6c00000, 0x00000006fe780000, 0x000000076cf00000)
  object space 912896K, 73% used [0x00000006c6c00000,0x00000006efe1ca18,0x00000006fe780000)
 Metaspace       used 82055K, capacity 92042K, committed 92336K, reserved 1128448K
  class space    used 10425K, capacity 13438K, committed 13488K, reserved 1048576K
}
Event: 2398.848 GC heap before
{Heap before GC invocations=36 (full 5):
 PSYoungGen      total 479232K, used 479206K [0x000000076cf00000, 0x00000007ae180000, 0x00000007c0000000)
  eden space 241664K, 100% used [0x000000076cf00000,0x000000077bb00000,0x000000077bb00000)
  from space 237568K, 99% used [0x0000000791180000,0x000000079f979b08,0x000000079f980000)
  to   space 350720K, 0% used [0x000000077bb00000,0x000000077bb00000,0x0000000791180000)
 ParOldGen       total 912896K, used 673906K [0x00000006c6c00000, 0x00000006fe780000, 0x000000076cf00000)
  object space 912896K, 73% used [0x00000006c6c00000,0x00000006efe1ca18,0x00000006fe780000)
 Metaspace       used 82751K, capacity 93130K, committed 93232K, reserved 1128448K
  class space    used 10511K, capacity 13585K, committed 13616K, reserved 1048576K
Event: 2398.872 GC heap after
Heap after GC invocations=36 (full 5):
 PSYoungGen      total 592384K, used 12766K [0x000000076cf00000, 0x00000007a6b80000, 0x00000007c0000000)
  eden space 241664K, 0% used [0x000000076cf00000,0x000000076cf00000,0x000000077bb00000)
  from space 350720K, 3% used [0x000000077bb00000,0x000000077c777860,0x0000000791180000)
  to   space 345600K, 0% used [0x0000000791a00000,0x0000000791a00000,0x00000007a6b80000)
 ParOldGen       total 912896K, used 688622K [0x00000006c6c00000, 0x00000006fe780000, 0x000000076cf00000)
  object space 912896K, 75% used [0x00000006c6c00000,0x00000006f0c7baf0,0x00000006fe780000)
 Metaspace       used 82751K, capacity 93130K, committed 93232K, reserved 1128448K
  class space    used 10511K, capacity 13585K, committed 13616K, reserved 1048576K
}

